./library/functions.php
./Resources/db.php
./Gallery_css/gallery-css-master/examples/ie-8/components/html5shiv/build/compiler.jar
./plaincart/library/cart-functions.php
./plaincart/library/product-functions.php
./plaincart/library/common.php
./plaincart/library/checkout-functions.php
./plaincart/library/category-functions.php
./plaincart/README.txt
./plaincart/admin/library/functions.php
./plaincart/admin/category/modify.php
./plaincart/admin/category/processCategory.php
./plaincart/admin/category/list.php
./plaincart/admin/config/main.php
./plaincart/admin/user/list.php
./plaincart/admin/order/detail.php
./plaincart/admin/order/list.php
./plaincart/admin/product/modify.php
./plaincart/admin/product/detail.php
./plaincart/admin/product/processProduct.php
./plaincart/admin/product/list.php
./plaincart/include/paypal/ipn.php
./plaincart/include/productList.php
./plaincart/include/header.php
./admin/library/functions.php
./admin/category/modify.php
./admin/category/processCategory.php
./admin/category/list.php
./admin/video/main.php
./admin/product_item/modify.php
./admin/product_item/detail.php
./admin/product_item/processProductItem.php
./admin/product_item/list.php
./admin/config/main.php
./admin/product_bak/modify.php
./admin/product_bak/detail.php
./admin/product_bak/processProduct.php
./admin/product_bak/list.php
./admin/user/list.php
./admin/order/detail.php
./admin/order/list.php
./admin/product/modify.php
./admin/product/detail.php
./admin/product/clone.php
./admin/product/processProduct.php
./admin/product/list.php
./php_includes/README.txt
./php_includes/cart-functions.php
./php_includes/db.php
./php_includes/cart-functions_bubu.php
./php_includes/orderDisplay_inframe.php
./php_includes/product-functions.php
./php_includes/paypal/ipn.php
./php_includes/common.php
./php_includes/checkout-functions.php
./php_includes/productList.php
./php_includes/category-functions.php
./php_includes/productItemList.php
./php_includes/header.php
