./xamp/Installer, configurer et utiliser Xampp sous Ubuntu_files/outbrain.js
./xamp/Installer, configurer et utiliser Xampp sous Ubuntu_files/sh180.html
./xamp/Installer, configurer et utiliser Xampp sous Ubuntu_files/layers087.js
./xamp/Installer, configurer et utiliser Xampp sous Ubuntu_files/layers068.css
./xamp/Installer, configurer et utiliser Xampp sous Ubuntu_files/core165.js
./xamp/Installer, configurer et utiliser Xampp sous Ubuntu_files/main.js
./xamp/Installer, configurer et utiliser Xampp sous Ubuntu_files/cae751c69240593a64767b92840535c1228047aa
./xamp/Installer, configurer et utiliser Xampp sous Ubuntu_files/widget007.old.css
./xamp/Installer, configurer et utiliser Xampp sous Ubuntu_files/master.css
./xamp/Creating the database, using Xampp on a local server with Linux   Drupal.org.html
./xamp/XAMPP Tutorial  How to Use XAMPP to Run Your Own Web Server.html
./xamp/Creating a MySQL Database using XAMPP   Complete, Concrete, Concise.html
./xamp/Creating a MySQL Database using XAMPP   Complete, Concrete, Concise_files/noticons.css
./xamp/Creating a MySQL Database using XAMPP   Complete, Concrete, Concise_files/genericons.css
./xamp/Creating a MySQL Database using XAMPP   Complete, Concrete, Concise_files/style.css
./xamp/Creating a MySQL Database using XAMPP   Complete, Concrete, Concise_files/sharing.js
./xamp/Creating a MySQL Database using XAMPP   Complete, Concrete, Concise_files/nrelate_js.min.js
./xamp/Creating a MySQL Database using XAMPP   Complete, Concrete, Concise_files/underscore.min.js
./xamp/XAMPP Tutorial  How to Use XAMPP to Run Your Own Web Server_files/udemy-blog.css
./xamp/XAMPP Tutorial  How to Use XAMPP to Run Your Own Web Server_files/shareaholic.js
./xamp/XAMPP Tutorial  How to Use XAMPP to Run Your Own Web Server_files/font-awesome.min.css
./xampp-linux-1.8.2-6-installer (1).run
./TOU/Entreprise - Recherche Google_files/rs=AItRSTM6gH-EHGKxOC4INXr8kJyv9lWf8Q
./TOU/Entreprise - Recherche Google_files/rs=AItRSTNTG0APt-uC4BKfRKaWONLLKvEiMg(1)
./TOU/roy/Utilisation des expressions régulières en Java_files/widget120.css
./TOU/roy/Utilisation des expressions régulières en Java_files/show_ads_impl.js
./TOU/roy/Utilisation des expressions régulières en Java_files/css(1).php
./TOU/roy/Utilisation des expressions régulières en Java_files/jquery-ui.js
./TOU/roy/Utilisation des expressions régulières en Java_files/css(3).php
./TOU/roy/Utilisation des expressions régulières en Java_files/jsbottom.php
./TOU/roy/Utilisation des expressions régulières en Java_files/jsbottom(1).php
./TOU/roy/Utilisation des expressions régulières en Java_files/sh164.htm
./TOU/roy/Utilisation des expressions régulières en Java_files/js(2).php
./TOU/roy/Utilisation des expressions régulières en Java_files/css(2).php
./TOU/roy/Utilisation des expressions régulières en Java_files/css(5).php
./TOU/roy/Utilisation des expressions régulières en Java_files/core142.js
./TOU/roy/Java security  Java security, Part 1  Crypto basics_files/dw-common-features.css
./TOU/roy/Java security  Java security, Part 1  Crypto basics_files/www.js
./TOU/roy/Java security  Java security, Part 1  Crypto basics_files/stats.js
./TOU/roy/Java security  Java security, Part 1  Crypto basics_files/dw-comments.js
./TOU/roy/Java security  Java security, Part 1  Crypto basics.htm
./field_controle.php
./cara/SQL Clé étrangère - 1Keydata.html
./cara/Comment mettre à jour partiellement une page avec AJAX et ASP.NET MVC  _files/superfish.args.min.js
./cara/Comment mettre à jour partiellement une page avec AJAX et ASP.NET MVC  _files/woocommerce.css
./cara/Comment mettre à jour partiellement une page avec AJAX et ASP.NET MVC  _files/dynamik-min.css
./cara/Comment mettre à jour partiellement une page avec AJAX et ASP.NET MVC  _files/dynamik-responsive.js
./cara/Comment mettre à jour partiellement une page avec AJAX et ASP.NET MVC  _files/font-awesome.css
./cara/Caractères spéciaux   entités html, code ascii et raccourcis clavier. - LOREM IPSUM Generator_files/modalBox.class.js
./cara/Caractères spéciaux   entités html, code ascii et raccourcis clavier. - LOREM IPSUM Generator_files/interface.js
./cara/Tutoriel Ajax en exemples_files/lounge.a6e1d1eef1daecc91e3c04fdd679861d.js
./cara/Tutoriel Ajax en exemples_files/saved_resource.html
./cara/Tutoriel Ajax en exemples_files/common.f6db7d412c73455529cb00f7c5cded6b.js
./cara/HTML5   En-tête et Corps d’une page web_files/lounge.a6e1d1eef1daecc91e3c04fdd679861d.js
./cara/HTML5   En-tête et Corps d’une page web_files/saved_resource.html
./cara/HTML5   En-tête et Corps d’une page web_files/fr.js
./cara/HTML5   En-tête et Corps d’une page web_files/common.f6db7d412c73455529cb00f7c5cded6b.js
./ajax/Les sessions - Le PHP Facile_files/expansion_embed.js
./ajax/Les sessions - Le PHP Facile_files/container(1).html
./ajax/Les sessions - Le PHP Facile_files/main_v13.css
./ajax/Les sessions - Le PHP Facile_files/container(2).html
./ajax/Les sessions - Le PHP Facile_files/main_v13.js
./ajax/Faire une redirection vers une autre page_files/highlight.pack.js
./ajax/Faire une redirection vers une autre page_files/site-wide-5809221203._V1_.js
./ajax/Bienvenue sur PHP Débutant.html
./ajax/L'opérateur instanceof_files/outbrain.js
./ajax/L'opérateur instanceof_files/sh180.html
./ajax/L'opérateur instanceof_files/layers087.js
./ajax/L'opérateur instanceof_files/layers068.css
./ajax/L'opérateur instanceof_files/core165.js
./ajax/L'opérateur instanceof_files/main.js
./ajax/L'opérateur instanceof_files/cae751c69240593a64767b92840535c1228047aa
./ajax/L'opérateur instanceof_files/widget007.old.css
./ajax/L'opérateur instanceof_files/mode-php.js
./ajax/L'opérateur instanceof_files/master.css
./ajax/L'opérateur instanceof_files/ace.js
./ajax/imagethumb()   générer facilement des miniatures avec PHP — Seebz's archives —_fichiers/a.htm
./ajax/imagethumb()   générer facilement des miniatures avec PHP — Seebz's archives —_fichiers/a_data/common.js
./ajax/imagethumb()   générer facilement des miniatures avec PHP — Seebz's archives —_fichiers/a_data/lounge_002.js
./ajax/imagethumb()   générer facilement des miniatures avec PHP — Seebz's archives —_fichiers/a_data/fr.js
./ajax/imagethumb()   générer facilement des miniatures avec PHP — Seebz's archives —_fichiers/a_data/lounge.css
./ajax/Les sessions - Le PHP Facile.html
./ajax/Les objets en profondeur_files/outbrain.js
./ajax/Les objets en profondeur_files/sh180.html
./ajax/Les objets en profondeur_files/layers087.js
./ajax/Les objets en profondeur_files/layers068.css
./ajax/Les objets en profondeur_files/core165.js
./ajax/Les objets en profondeur_files/main.js
./ajax/Les objets en profondeur_files/cae751c69240593a64767b92840535c1228047aa
./ajax/Les objets en profondeur_files/widget007.old.css
./ajax/Les objets en profondeur_files/mode-php.js
./ajax/Les objets en profondeur_files/master.css
./ajax/Les objets en profondeur_files/ace.js
./ajax/Introduction à la POO_files/outbrain.js
./ajax/Introduction à la POO_files/sh180.html
./ajax/Introduction à la POO_files/layers087.js
./ajax/Introduction à la POO_files/layers068.css
./ajax/Introduction à la POO_files/core165.js
./ajax/Introduction à la POO_files/main.js
./ajax/Introduction à la POO_files/cae751c69240593a64767b92840535c1228047aa
./ajax/Introduction à la POO_files/widget007.old.css
./ajax/Introduction à la POO_files/mode-php.js
./ajax/Introduction à la POO_files/master.css
./ajax/Introduction à la POO_files/ace.js
./ajax/Uploader des images sur un serveur web_fichiers/highlight.js
./ajax/Uploader des images sur un serveur web_fichiers/site-wide-5809221203.js
./ajax/Description de l'application_files/outbrain.js
./ajax/Description de l'application_files/sh180.html
./ajax/Description de l'application_files/layers087.js
./ajax/Description de l'application_files/layers068.css
./ajax/Description de l'application_files/core165.js
./ajax/Description de l'application_files/main.js
./ajax/Description de l'application_files/cae751c69240593a64767b92840535c1228047aa
./ajax/Description de l'application_files/widget007.old.css
./ajax/Description de l'application_files/mode-php.js
./ajax/Description de l'application_files/master.css
./ajax/Description de l'application_files/ace.js
./ajax/Variables superglobales, sessions et cookies_files/outbrain.js
./ajax/Variables superglobales, sessions et cookies_files/sh180.html
./ajax/Variables superglobales, sessions et cookies_files/layers087.js
./ajax/Variables superglobales, sessions et cookies_files/layers068.css
./ajax/Variables superglobales, sessions et cookies_files/core165.js
./ajax/Variables superglobales, sessions et cookies_files/main.js
./ajax/Variables superglobales, sessions et cookies_files/cae751c69240593a64767b92840535c1228047aa
./ajax/Variables superglobales, sessions et cookies_files/widget007.old.css
./ajax/Variables superglobales, sessions et cookies_files/mode-php.js
./ajax/Variables superglobales, sessions et cookies_files/master.css
./ajax/Variables superglobales, sessions et cookies_files/ace.js
./_/Resources/jquery-ul-1.8.10.min.js
./_/Gallery_css/gallery-css-master/examples/ie-8/components/prefix-free/README.md
./_/Gallery_css/gallery-css-master/examples/ie-8/components/html5shiv/readme.md
./_/Gallery_css/gallery-css-master/examples/ie-8/components/normalize-css/CHANGELOG.md
./_/images/product_large/picture_bearing_twincam_608-ilq9-bcb_view_back.png
./_/gallery_images/EO/MG_9344.jpg
./_/gallery_images/02_Road/MG_9344.jpg
./_/slider.html
./_/lightbox2/js/scriptaculous.js
./_/lightbox2/js/effects.js
./_/html5/home_screen/Home_Screen.hyperesources/HYPE.js
./_/html5/home_screen/Home_Screen.hyperesources/HYPE.ie.js
./_/html5/home_screen_2/Home_Screen.hyperesources/HYPE.js
./_/html5/home_screen_2/Home_Screen.hyperesources/HYPE.ie.js
./_/plaincart/README.txt
./_/plaincart/plaincart.sql
./_/bubu/slider2.html
./_/bubu/slider.html
./_/php_includes/README.txt
./_/php_includes/plaincart.sql
./_/php_includes/field_controle.php
./Éclaircir teint naturellement - Éclaircissement peau  Crème éclaircissante.mp4
./C'est Pas Sorcier - La conservation des aliments, c'est dans la boîte !.mp4
./cv/SanDiskSecureAccessV2_win.exe
./♥DIY♥  Crème ♥ MAGIQUE ♥ anti acné et rougeurs de cicatrices_ 4 jours!!!.mp4
./xampp-linux-1.8.2-6-installer.run
./poisson/Recette Maquereaux en conserve - Le Parfait_fichiers/modernizr-2.js
./poisson/Recette Maquereaux en conserve - Le Parfait_fichiers/Bj1hPD6pWEM_data/www-embed-player-vfl8y8N3-.css
./poisson/Recette Maquereaux en conserve - Le Parfait_fichiers/Bj1hPD6pWEM_data/www-embed-player.js
./poisson/Recette Maquereaux en conserve - Le Parfait.htm
./poisson/La mise en conserve du poisson_fichiers/widget009.css
./poisson/La mise en conserve du poisson_fichiers/core174.js
./poisson/La mise en conserve du poisson_fichiers/mootools.js
./poisson/La mise en conserve du poisson_fichiers/sh183.htm
./poisson/Thon en conserve au naturel ou à l'huile d'olive_fichiers/d5a27527f55e14c890d636129b849347.js
./poisson/Thon en conserve au naturel ou à l'huile d'olive_fichiers/sharebutton_data/rsAGLTcCNsz-3988AtQBaQSksXMQfIz-b5Rw
./poisson/Thon en conserve au naturel ou à l'huile d'olive_fichiers/1df6446e5b7a18bec3ca34a01eecec3b.css
./poisson/Thon en conserve au naturel ou à l'huile d'olive_fichiers/222ea0724b5ef0a0c709d7addbcee1a4.css
./poisson/Thon en conserve au naturel ou à l'huile d'olive_fichiers/person_data/rsAGLTcCMOLpmBXCv9GRKbzmbQkUaVw7ApWg
./re/xampp-linux-1.8.2-6-installer (1).run
./re/serigraphie/sérigraphie poisson - Recherche Google_files/rs=AItRSTOkx5ed9By6_kdutgqIPllb5ZnpCA
./re/serigraphie/sérigraphie poisson - Recherche Google_files/rs=ACT90oFHaqm7lTmg-LSSe9260mqLbFCFQA
./re/serigraphie/motif t shirt - Recherche Google.html
./re/serigraphie/calligraphie - Recherche Google_files/rs=ACT90oFHaqm7lTmg-LSSe9260mqLbFCFQA(1)
./re/serigraphie/calligraphie - Recherche Google_files/rs=AItRSTOkx5ed9By6_kdutgqIPllb5ZnpCA
./re/serigraphie/motif pour t shirt - Recherche Google.html
./re/serigraphie/motif t shirt - Recherche Google_files/rs=AItRSTOkx5ed9By6_kdutgqIPllb5ZnpCA
./re/serigraphie/motif t shirt - Recherche Google_files/rs=ACT90oFHaqm7lTmg-LSSe9260mqLbFCFQA
./re/serigraphie/motif pour t shirt - Recherche Google_files/rs=ACT90oFHaqm7lTmg-LSSe9260mqLbFCFQA(1)
./re/serigraphie/motif pour t shirt - Recherche Google_files/rs=AItRSTOkx5ed9By6_kdutgqIPllb5ZnpCA
./re/serigraphie/motif pour t shirt - Recherche Google_files/7fa954b48cf51224.js
./re/serigraphie/calligraphie - Recherche Google.html
./re/serigraphie/sérigraphie poisson - Recherche Google.html
./re/Uploader des images sur un serveur web_fichiers/highlight.js
./re/Uploader des images sur un serveur web_fichiers/site-wide-5809221203.js
./re/Ulead Video Studio 11/Setup/OEM/TargetMain/All/vstudio.dat
./re/Ulead Video Studio 11/VideoStudio.msi
